mode: count
github.com/rokath/trice/internal/link/link.go:43.48,45.14 2 0
github.com/rokath/trice/internal/link/link.go:53.2,53.13 1 0
github.com/rokath/trice/internal/link/link.go:58.2,67.24 8 0
github.com/rokath/trice/internal/link/link.go:70.2,72.10 2 0
github.com/rokath/trice/internal/link/link.go:46.25,48.21 2 0
github.com/rokath/trice/internal/link/link.go:49.25,51.23 2 0
github.com/rokath/trice/internal/link/link.go:53.13,56.3 2 0
github.com/rokath/trice/internal/link/link.go:67.24,69.3 1 0
github.com/rokath/trice/internal/link/link.go:76.31,77.18 1 0
github.com/rokath/trice/internal/link/link.go:80.2,80.71 1 0
github.com/rokath/trice/internal/link/link.go:77.18,79.3 1 0
github.com/rokath/trice/internal/link/link.go:84.46,86.2 1 0
github.com/rokath/trice/internal/link/link.go:89.32,90.13 1 0
github.com/rokath/trice/internal/link/link.go:97.2,98.14 2 0
github.com/rokath/trice/internal/link/link.go:90.13,92.3 1 0
github.com/rokath/trice/internal/link/link.go:103.31,104.13 1 0
github.com/rokath/trice/internal/link/link.go:110.2,112.13 2 0
github.com/rokath/trice/internal/link/link.go:116.2,123.13 5 0
github.com/rokath/trice/internal/link/link.go:126.2,126.12 1 0
github.com/rokath/trice/internal/link/link.go:104.13,106.28 2 0
github.com/rokath/trice/internal/link/link.go:106.28,108.4 1 0
github.com/rokath/trice/internal/link/link.go:112.13,115.3 2 0
github.com/rokath/trice/internal/link/link.go:123.13,125.3 1 0
github.com/rokath/trice/pkg/msg/msg.go:16.24,19.2 2 0
github.com/rokath/trice/pkg/msg/msg.go:24.23,25.16 1 4
github.com/rokath/trice/pkg/msg/msg.go:28.2,29.35 2 2
github.com/rokath/trice/pkg/msg/msg.go:25.16,27.3 1 2
github.com/rokath/trice/pkg/msg/msg.go:33.28,34.16 1 0
github.com/rokath/trice/pkg/msg/msg.go:37.2,38.35 2 0
github.com/rokath/trice/pkg/msg/msg.go:34.16,36.3 1 0
github.com/rokath/trice/pkg/msg/msg.go:42.41,43.16 1 0
github.com/rokath/trice/pkg/msg/msg.go:46.2,47.12 2 0
github.com/rokath/trice/pkg/msg/msg.go:43.16,45.3 1 0
github.com/rokath/trice/pkg/msg/msg.go:53.40,54.16 1 0
github.com/rokath/trice/pkg/msg/msg.go:57.2,59.35 3 0
github.com/rokath/trice/pkg/msg/msg.go:54.16,56.3 1 0
github.com/rokath/trice/pkg/msg/msg.go:63.45,64.16 1 0
github.com/rokath/trice/pkg/msg/msg.go:67.2,69.35 3 0
github.com/rokath/trice/pkg/msg/msg.go:64.16,66.3 1 0
github.com/rokath/trice/pkg/msg/msg.go:75.24,76.11 1 0
github.com/rokath/trice/pkg/msg/msg.go:79.2,80.35 2 0
github.com/rokath/trice/pkg/msg/msg.go:76.11,78.3 1 0
github.com/rokath/trice/pkg/msg/msg.go:84.29,85.11 1 0
github.com/rokath/trice/pkg/msg/msg.go:88.2,89.35 2 0
github.com/rokath/trice/pkg/msg/msg.go:85.11,87.3 1 0
github.com/rokath/trice/pkg/msg/msg.go:95.41,96.11 1 0
github.com/rokath/trice/pkg/msg/msg.go:99.2,100.48 2 0
github.com/rokath/trice/pkg/msg/msg.go:96.11,98.3 1 0
github.com/rokath/trice/pkg/msg/msg.go:104.46,105.11 1 0
github.com/rokath/trice/pkg/msg/msg.go:108.2,110.48 3 0
github.com/rokath/trice/pkg/msg/msg.go:105.11,107.3 1 0
github.com/rokath/trice/pkg/msg/msg.go:116.25,117.10 1 0
github.com/rokath/trice/pkg/msg/msg.go:120.2,121.35 2 0
github.com/rokath/trice/pkg/msg/msg.go:117.10,119.3 1 0
github.com/rokath/trice/pkg/msg/msg.go:125.42,126.10 1 0
github.com/rokath/trice/pkg/msg/msg.go:129.2,130.48 2 0
github.com/rokath/trice/pkg/msg/msg.go:126.10,128.3 1 0
github.com/rokath/trice/pkg/msg/msg.go:134.47,135.10 1 0
github.com/rokath/trice/pkg/msg/msg.go:138.2,140.48 3 0
github.com/rokath/trice/pkg/msg/msg.go:135.10,137.3 1 0
github.com/rokath/trice/pkg/msg/msg.go:148.70,151.8 3 2
github.com/rokath/trice/pkg/msg/msg.go:151.8,153.3 1 2
github.com/rokath/trice/pkg/msg/msg.go:153.8,155.3 1 0
github.com/rokath/trice/pkg/msg/msg.go:158.70,161.8 3 0
github.com/rokath/trice/pkg/msg/msg.go:161.8,163.3 1 0
github.com/rokath/trice/pkg/msg/msg.go:163.8,165.3 1 0
github.com/rokath/trice/pkg/cage/cage.go:43.15,45.2 1 0
github.com/rokath/trice/pkg/cage/cage.go:49.16,51.2 1 0
github.com/rokath/trice/pkg/cage/cage.go:69.34,72.33 1 2
github.com/rokath/trice/pkg/cage/cage.go:78.2,78.18 1 2
github.com/rokath/trice/pkg/cage/cage.go:82.2,82.30 1 2
github.com/rokath/trice/pkg/cage/cage.go:85.2,87.13 3 2
github.com/rokath/trice/pkg/cage/cage.go:92.2,122.36 12 2
github.com/rokath/trice/pkg/cage/cage.go:131.2,131.36 1 2
github.com/rokath/trice/pkg/cage/cage.go:141.2,141.10 1 2
github.com/rokath/trice/pkg/cage/cage.go:72.33,73.14 1 0
github.com/rokath/trice/pkg/cage/cage.go:76.3,76.13 1 0
github.com/rokath/trice/pkg/cage/cage.go:73.14,75.4 1 0
github.com/rokath/trice/pkg/cage/cage.go:78.18,80.3 1 0
github.com/rokath/trice/pkg/cage/cage.go:82.30,84.3 1 0
github.com/rokath/trice/pkg/cage/cage.go:87.13,89.3 1 0
github.com/rokath/trice/pkg/cage/cage.go:122.36,124.7 2 2
github.com/rokath/trice/pkg/cage/cage.go:124.7,126.18 2 19173
github.com/rokath/trice/pkg/cage/cage.go:126.18,128.5 1 0
github.com/rokath/trice/pkg/cage/cage.go:131.36,133.7 2 2
github.com/rokath/trice/pkg/cage/cage.go:133.7,135.18 2 19449
github.com/rokath/trice/pkg/cage/cage.go:135.18,137.5 1 0
github.com/rokath/trice/pkg/cage/cage.go:145.25,148.14 1 2
github.com/rokath/trice/pkg/cage/cage.go:156.2,169.13 8 2
github.com/rokath/trice/pkg/cage/cage.go:148.14,149.14 1 0
github.com/rokath/trice/pkg/cage/cage.go:152.3,152.9 1 0
github.com/rokath/trice/pkg/cage/cage.go:149.14,151.4 1 0
github.com/rokath/trice/pkg/cage/cage.go:169.13,171.3 1 0
github.com/rokath/trice/pkg/cipher/cipher.go:36.20,39.16 3 12
github.com/rokath/trice/pkg/cipher/cipher.go:42.2,43.16 2 12
github.com/rokath/trice/pkg/cipher/cipher.go:47.2,47.12 1 12
github.com/rokath/trice/pkg/cipher/cipher.go:39.16,41.3 1 0
github.com/rokath/trice/pkg/cipher/cipher.go:43.16,46.3 2 0
github.com/rokath/trice/pkg/cipher/cipher.go:51.49,52.18 1 12
github.com/rokath/trice/pkg/cipher/cipher.go:65.2,66.16 2 12
github.com/rokath/trice/pkg/cipher/cipher.go:69.2,70.20 2 12
github.com/rokath/trice/pkg/cipher/cipher.go:76.2,76.18 1 12
github.com/rokath/trice/pkg/cipher/cipher.go:53.26,54.63 1 1
github.com/rokath/trice/pkg/cipher/cipher.go:55.26,56.63 1 1
github.com/rokath/trice/pkg/cipher/cipher.go:57.26,58.63 1 1
github.com/rokath/trice/pkg/cipher/cipher.go:59.10,63.17 4 9
github.com/rokath/trice/pkg/cipher/cipher.go:66.16,68.3 1 0
github.com/rokath/trice/pkg/cipher/cipher.go:70.20,72.14 2 8
github.com/rokath/trice/pkg/cipher/cipher.go:72.14,74.4 1 5
github.com/rokath/trice/pkg/cipher/cipher.go:80.36,84.2 3 32
github.com/rokath/trice/pkg/cipher/cipher.go:90.36,92.13 2 10
github.com/rokath/trice/pkg/cipher/cipher.go:100.2,100.8 1 10
github.com/rokath/trice/pkg/cipher/cipher.go:92.13,97.3 4 7
github.com/rokath/trice/pkg/cipher/cipher.go:97.8,99.3 1 3
github.com/rokath/trice/pkg/cipher/cipher.go:107.36,109.13 2 8
github.com/rokath/trice/pkg/cipher/cipher.go:117.2,117.8 1 8
github.com/rokath/trice/pkg/cipher/cipher.go:109.13,114.3 4 6
github.com/rokath/trice/pkg/cipher/cipher.go:114.8,116.3 1 2
github.com/rokath/trice/pkg/cipher/cipher.go:124.32,126.13 2 4
github.com/rokath/trice/pkg/cipher/cipher.go:131.2,131.21 1 4
github.com/rokath/trice/pkg/cipher/cipher.go:126.13,130.3 3 2
github.com/rokath/trice/pkg/cipher/cipher.go:138.32,140.13 2 2
github.com/rokath/trice/pkg/cipher/cipher.go:145.2,145.21 1 2
github.com/rokath/trice/pkg/cipher/cipher.go:140.13,144.3 3 1
github.com/rokath/trice/pkg/cipher/cipher.go:151.39,152.56 1 0
github.com/rokath/trice/pkg/cipher/cipher.go:155.2,155.8 1 0
github.com/rokath/trice/pkg/cipher/cipher.go:152.56,154.3 1 0
github.com/rokath/trice/pkg/cipher/cipher.go:161.39,162.56 1 0
github.com/rokath/trice/pkg/cipher/cipher.go:165.2,165.8 1 0
github.com/rokath/trice/pkg/cipher/cipher.go:162.56,164.3 1 0
github.com/rokath/trice/pkg/tst/tst.go:30.46,37.2 6 1
github.com/rokath/trice/pkg/tst/tst.go:40.37,47.16 3 0
github.com/rokath/trice/pkg/tst/tst.go:50.2,51.15 2 0
github.com/rokath/trice/pkg/tst/tst.go:57.2,58.12 2 0
github.com/rokath/trice/pkg/tst/tst.go:66.2,70.16 3 0
github.com/rokath/trice/pkg/tst/tst.go:75.2,75.15 1 0
github.com/rokath/trice/pkg/tst/tst.go:47.16,49.3 1 0
github.com/rokath/trice/pkg/tst/tst.go:51.15,54.3 1 0
github.com/rokath/trice/pkg/tst/tst.go:58.12,63.3 4 0
github.com/rokath/trice/pkg/tst/tst.go:70.16,72.3 1 0
github.com/rokath/trice/pkg/tst/tst.go:79.50,80.36 1 0
github.com/rokath/trice/pkg/tst/tst.go:80.36,85.3 4 0
github.com/rokath/trice/pkg/tst/tst.go:89.49,90.34 1 8
github.com/rokath/trice/pkg/tst/tst.go:90.34,100.3 9 0
github.com/rokath/trice/pkg/tst/tst.go:104.49,113.28 5 3
github.com/rokath/trice/pkg/tst/tst.go:117.2,117.26 1 3
github.com/rokath/trice/pkg/tst/tst.go:113.28,116.3 2 0
github.com/rokath/trice/pkg/tst/tst.go:117.26,121.3 3 7
github.com/rokath/trice/pkg/tst/tst.go:126.52,140.2 7 1
github.com/rokath/trice/pkg/tst/tst.go:143.48,145.9 2 0
github.com/rokath/trice/pkg/tst/tst.go:145.9,147.3 1 0
github.com/rokath/trice/pkg/tst/tst.go:151.45,154.16 3 0
github.com/rokath/trice/pkg/tst/tst.go:157.2,157.11 1 0
github.com/rokath/trice/pkg/tst/tst.go:154.16,156.3 1 0
github.com/rokath/trice/pkg/tst/tst.go:161.44,162.16 1 0
github.com/rokath/trice/pkg/tst/tst.go:162.16,166.3 3 0
github.com/rokath/trice/pkg/tst/tst.go:170.43,171.11 1 3
github.com/rokath/trice/pkg/tst/tst.go:171.11,175.3 3 0
github.com/rokath/trice/pkg/tst/tst.go:179.64,180.11 1 0
github.com/rokath/trice/pkg/tst/tst.go:180.11,185.3 4 0
github.com/rokath/trice/internal/id/Update.go:78.79,81.6 3 560
github.com/rokath/trice/internal/id/Update.go:81.6,83.17 2 1115
github.com/rokath/trice/internal/id/Update.go:86.3,88.22 3 555
github.com/rokath/trice/internal/id/Update.go:105.3,106.19 2 555
github.com/rokath/trice/internal/id/Update.go:117.3,117.15 1 555
github.com/rokath/trice/internal/id/Update.go:120.3,120.23 1 555
github.com/rokath/trice/internal/id/Update.go:83.17,85.4 1 560
github.com/rokath/trice/internal/id/Update.go:88.22,90.23 2 317
github.com/rokath/trice/internal/id/Update.go:90.23,96.16 6 282
github.com/rokath/trice/internal/id/Update.go:96.16,100.6 3 0
github.com/rokath/trice/internal/id/Update.go:106.19,111.15 5 531
github.com/rokath/trice/internal/id/Update.go:111.15,115.5 3 0
github.com/rokath/trice/internal/id/Update.go:117.15,119.4 1 532
github.com/rokath/trice/internal/id/Update.go:125.49,127.15 2 297
github.com/rokath/trice/internal/id/Update.go:137.2,137.8 1 297
github.com/rokath/trice/internal/id/Update.go:127.15,130.15 3 1427
github.com/rokath/trice/internal/id/Update.go:130.15,133.4 2 1130
github.com/rokath/trice/internal/id/Update.go:133.9,135.4 1 297
github.com/rokath/trice/internal/id/Update.go:141.59,142.20 1 297
github.com/rokath/trice/internal/id/Update.go:152.2,152.8 1 297
github.com/rokath/trice/internal/id/Update.go:142.20,143.25 1 297
github.com/rokath/trice/internal/id/Update.go:143.25,145.4 1 148
github.com/rokath/trice/internal/id/Update.go:145.9,147.4 1 149
github.com/rokath/trice/internal/id/Update.go:148.8,151.3 2 0
github.com/rokath/trice/internal/id/Update.go:155.40,157.2 1 0
github.com/rokath/trice/internal/id/Update.go:159.70,160.13 1 0
github.com/rokath/trice/internal/id/Update.go:164.2,164.88 1 0
github.com/rokath/trice/internal/id/Update.go:160.13,163.3 2 0
github.com/rokath/trice/internal/id/Update.go:185.89,186.13 1 0
github.com/rokath/trice/internal/id/Update.go:190.2,190.102 1 0
github.com/rokath/trice/internal/id/Update.go:186.13,189.3 2 0
github.com/rokath/trice/internal/id/Update.go:193.71,194.51 1 0
github.com/rokath/trice/internal/id/Update.go:197.2,197.13 1 0
github.com/rokath/trice/internal/id/Update.go:200.2,201.16 2 0
github.com/rokath/trice/internal/id/Update.go:204.2,205.18 2 0
github.com/rokath/trice/internal/id/Update.go:194.51,196.3 1 0
github.com/rokath/trice/internal/id/Update.go:197.13,199.3 1 0
github.com/rokath/trice/internal/id/Update.go:201.16,203.3 1 0
github.com/rokath/trice/internal/id/Update.go:208.76,209.60 1 0
github.com/rokath/trice/internal/id/Update.go:209.60,211.17 2 0
github.com/rokath/trice/internal/id/Update.go:214.3,215.13 2 0
github.com/rokath/trice/internal/id/Update.go:211.17,213.4 1 0
github.com/rokath/trice/internal/id/Update.go:219.96,235.60 1 0
github.com/rokath/trice/internal/id/Update.go:235.60,237.17 2 0
github.com/rokath/trice/internal/id/Update.go:240.3,247.30 5 0
github.com/rokath/trice/internal/id/Update.go:256.3,256.13 1 0
github.com/rokath/trice/internal/id/Update.go:237.17,239.4 1 0
github.com/rokath/trice/internal/id/Update.go:247.30,248.15 1 0
github.com/rokath/trice/internal/id/Update.go:251.4,252.18 2 0
github.com/rokath/trice/internal/id/Update.go:248.15,250.5 1 0
github.com/rokath/trice/internal/id/Update.go:252.18,254.5 1 0
github.com/rokath/trice/internal/id/Update.go:262.64,264.16 2 122
github.com/rokath/trice/internal/id/Update.go:268.2,270.16 3 116
github.com/rokath/trice/internal/id/Update.go:275.2,276.16 2 11
github.com/rokath/trice/internal/id/Update.go:281.2,282.8 2 0
github.com/rokath/trice/internal/id/Update.go:264.16,267.3 2 6
github.com/rokath/trice/internal/id/Update.go:270.16,274.3 3 105
github.com/rokath/trice/internal/id/Update.go:276.16,280.3 3 11
github.com/rokath/trice/internal/id/Update.go:286.53,288.19 2 116
github.com/rokath/trice/internal/id/Update.go:292.2,293.18 2 116
github.com/rokath/trice/internal/id/Update.go:297.2,299.8 3 116
github.com/rokath/trice/internal/id/Update.go:288.19,291.3 2 0
github.com/rokath/trice/internal/id/Update.go:293.18,296.3 2 0
github.com/rokath/trice/internal/id/Update.go:307.75,309.9 2 110
github.com/rokath/trice/internal/id/Update.go:312.2,313.8 2 106
github.com/rokath/trice/internal/id/Update.go:309.9,311.3 1 4
github.com/rokath/trice/internal/id/Update.go:317.69,319.6 2 3
github.com/rokath/trice/internal/id/Update.go:319.6,321.17 2 16
github.com/rokath/trice/internal/id/Update.go:324.3,330.10 4 13
github.com/rokath/trice/internal/id/Update.go:333.3,340.14 3 13
github.com/rokath/trice/internal/id/Update.go:349.3,349.13 1 13
github.com/rokath/trice/internal/id/Update.go:321.17,323.4 1 3
github.com/rokath/trice/internal/id/Update.go:330.10,331.12 1 0
github.com/rokath/trice/internal/id/Update.go:340.14,341.29 1 13
github.com/rokath/trice/internal/id/Update.go:341.29,343.37 2 6
github.com/rokath/trice/internal/id/Update.go:343.37,346.6 2 5
github.com/rokath/trice/internal/id/Update.go:349.13,352.4 2 8
github.com/rokath/trice/internal/id/Update.go:366.162,369.6 3 87
github.com/rokath/trice/internal/id/Update.go:369.6,371.17 2 174
github.com/rokath/trice/internal/id/Update.go:374.3,380.10 4 87
github.com/rokath/trice/internal/id/Update.go:383.3,385.23 3 83
github.com/rokath/trice/internal/id/Update.go:391.3,391.14 1 83
github.com/rokath/trice/internal/id/Update.go:401.3,401.14 1 83
github.com/rokath/trice/internal/id/Update.go:433.3,434.17 2 83
github.com/rokath/trice/internal/id/Update.go:371.17,373.4 1 87
github.com/rokath/trice/internal/id/Update.go:380.10,381.12 1 4
github.com/rokath/trice/internal/id/Update.go:385.23,387.4 1 51
github.com/rokath/trice/internal/id/Update.go:391.14,392.29 1 1
github.com/rokath/trice/internal/id/Update.go:392.29,393.25 1 1
github.com/rokath/trice/internal/id/Update.go:396.5,396.37 1 1
github.com/rokath/trice/internal/id/Update.go:393.25,395.6 1 0
github.com/rokath/trice/internal/id/Update.go:396.37,398.6 1 0
github.com/rokath/trice/internal/id/Update.go:401.14,405.43 3 82
github.com/rokath/trice/internal/id/Update.go:416.4,417.10 2 82
github.com/rokath/trice/internal/id/Update.go:422.4,422.15 1 82
github.com/rokath/trice/internal/id/Update.go:428.4,430.23 3 82
github.com/rokath/trice/internal/id/Update.go:405.43,407.5 1 27
github.com/rokath/trice/internal/id/Update.go:407.10,408.11 1 55
github.com/rokath/trice/internal/id/Update.go:413.5,413.26 1 55
github.com/rokath/trice/internal/id/Update.go:408.11,410.6 1 30
github.com/rokath/trice/internal/id/Update.go:410.11,412.6 1 25
github.com/rokath/trice/internal/id/Update.go:417.10,419.5 1 31
github.com/rokath/trice/internal/id/Update.go:419.10,421.5 1 51
github.com/rokath/trice/internal/id/Update.go:422.15,423.23 1 0
github.com/rokath/trice/internal/id/Update.go:426.5,426.21 1 0
github.com/rokath/trice/internal/id/Update.go:423.23,425.6 1 0
github.com/rokath/trice/internal/id/Update.go:438.37,439.44 1 83
github.com/rokath/trice/internal/id/Update.go:442.2,442.14 1 51
github.com/rokath/trice/internal/id/Update.go:439.44,441.3 1 32
github.com/rokath/trice/internal/id/Update.go:446.50,448.16 2 0
github.com/rokath/trice/internal/id/Update.go:448.16,449.13 1 0
github.com/rokath/trice/internal/id/Update.go:453.57,469.60 1 0
github.com/rokath/trice/internal/id/Update.go:469.60,470.52 1 0
github.com/rokath/trice/internal/id/Update.go:473.3,473.14 1 0
github.com/rokath/trice/internal/id/Update.go:476.3,477.17 2 0
github.com/rokath/trice/internal/id/Update.go:480.3,485.7 5 0
github.com/rokath/trice/internal/id/Update.go:493.3,493.30 1 0
github.com/rokath/trice/internal/id/Update.go:496.3,496.13 1 0
github.com/rokath/trice/internal/id/Update.go:470.52,472.4 1 0
github.com/rokath/trice/internal/id/Update.go:473.14,475.4 1 0
github.com/rokath/trice/internal/id/Update.go:477.17,479.4 1 0
github.com/rokath/trice/internal/id/Update.go:485.7,488.22 3 0
github.com/rokath/trice/internal/id/Update.go:488.22,489.10 1 0
github.com/rokath/trice/internal/id/Update.go:493.30,495.4 1 0
github.com/rokath/trice/internal/id/Update.go:504.77,506.16 2 0
github.com/rokath/trice/internal/id/Update.go:509.2,511.16 3 0
github.com/rokath/trice/internal/id/Update.go:516.2,524.28 6 0
github.com/rokath/trice/internal/id/Update.go:506.16,508.3 1 0
github.com/rokath/trice/internal/id/Update.go:511.16,514.3 2 0
github.com/rokath/trice/internal/id/fileWatcher.go:17.54,22.15 3 0
github.com/rokath/trice/internal/id/fileWatcher.go:24.2,25.12 2 0
github.com/rokath/trice/internal/id/fileWatcher.go:52.2,53.13 2 0
github.com/rokath/trice/internal/id/fileWatcher.go:56.2,56.8 1 0
github.com/rokath/trice/internal/id/fileWatcher.go:22.15,22.45 1 0
github.com/rokath/trice/internal/id/fileWatcher.go:25.12,27.7 2 0
github.com/rokath/trice/internal/id/fileWatcher.go:27.7,28.11 1 0
github.com/rokath/trice/internal/id/fileWatcher.go:30.39,35.37 4 0
github.com/rokath/trice/internal/id/fileWatcher.go:45.33,46.49 1 0
github.com/rokath/trice/internal/id/fileWatcher.go:35.37,42.6 6 0
github.com/rokath/trice/internal/id/fileWatcher.go:53.13,55.3 1 0
github.com/rokath/trice/internal/id/id.go:48.36,50.2 1 0
github.com/rokath/trice/internal/id/id.go:53.44,58.2 4 0
github.com/rokath/trice/internal/id/list.go:20.51,21.16 1 0
github.com/rokath/trice/internal/id/list.go:25.2,26.12 2 0
github.com/rokath/trice/internal/id/list.go:21.16,24.3 2 0
github.com/rokath/trice/internal/id/list.go:35.36,38.2 2 0
github.com/rokath/trice/internal/id/list.go:46.38,49.2 2 0
github.com/rokath/trice/internal/id/list.go:51.86,53.2 1 0
github.com/rokath/trice/internal/id/list.go:55.41,60.23 3 0
github.com/rokath/trice/internal/id/list.go:63.2,71.13 4 0
github.com/rokath/trice/internal/id/list.go:74.2,74.20 1 0
github.com/rokath/trice/internal/id/list.go:78.2,78.12 1 0
github.com/rokath/trice/internal/id/list.go:60.23,62.3 1 0
github.com/rokath/trice/internal/id/list.go:71.13,73.3 1 0
github.com/rokath/trice/internal/id/list.go:74.20,76.3 1 0
github.com/rokath/trice/internal/id/list.go:82.27,87.13 5 0
github.com/rokath/trice/internal/id/list.go:90.2,90.29 1 0
github.com/rokath/trice/internal/id/list.go:93.2,93.12 1 0
github.com/rokath/trice/internal/id/list.go:87.13,89.3 1 0
github.com/rokath/trice/internal/id/list.go:90.29,92.3 1 0
github.com/rokath/trice/internal/id/list.go:96.156,97.20 1 0
github.com/rokath/trice/internal/id/list.go:100.2,100.22 1 0
github.com/rokath/trice/internal/id/list.go:97.20,99.3 1 0
github.com/rokath/trice/internal/id/list.go:100.22,103.42 3 0
github.com/rokath/trice/internal/id/list.go:103.42,105.4 1 0
github.com/rokath/trice/internal/id/list.go:105.9,105.32 1 0
github.com/rokath/trice/internal/id/list.go:105.32,107.4 1 0
github.com/rokath/trice/internal/id/list.go:107.9,111.4 1 0
github.com/rokath/trice/internal/id/manage.go:21.38,24.21 3 0
github.com/rokath/trice/internal/id/manage.go:27.2,27.11 1 0
github.com/rokath/trice/internal/id/manage.go:24.21,26.3 1 0
github.com/rokath/trice/internal/id/manage.go:33.57,34.13 1 60
github.com/rokath/trice/internal/id/manage.go:37.2,37.22 1 60
github.com/rokath/trice/internal/id/manage.go:45.2,46.10 2 0
github.com/rokath/trice/internal/id/manage.go:34.13,36.3 1 0
github.com/rokath/trice/internal/id/manage.go:38.16,39.34 1 1
github.com/rokath/trice/internal/id/manage.go:40.16,41.34 1 36
github.com/rokath/trice/internal/id/manage.go:42.18,43.36 1 23
github.com/rokath/trice/internal/id/manage.go:51.68,58.18 7 4
github.com/rokath/trice/internal/id/manage.go:61.2,61.6 1 0
github.com/rokath/trice/internal/id/manage.go:58.18,60.3 1 4
github.com/rokath/trice/internal/id/manage.go:61.6,63.21 1 0
github.com/rokath/trice/internal/id/manage.go:70.3,70.9 1 0
github.com/rokath/trice/internal/id/manage.go:63.21,64.15 1 0
github.com/rokath/trice/internal/id/manage.go:64.15,67.17 3 0
github.com/rokath/trice/internal/id/manage.go:76.68,81.18 5 39
github.com/rokath/trice/internal/id/manage.go:84.2,84.6 1 35
github.com/rokath/trice/internal/id/manage.go:81.18,83.3 1 4
github.com/rokath/trice/internal/id/manage.go:84.6,86.21 1 35
github.com/rokath/trice/internal/id/manage.go:92.3,92.9 1 35
github.com/rokath/trice/internal/id/manage.go:86.21,87.15 1 978
github.com/rokath/trice/internal/id/manage.go:87.15,89.17 2 125
github.com/rokath/trice/internal/id/manage.go:98.70,103.18 5 26
github.com/rokath/trice/internal/id/manage.go:106.2,106.6 1 21
github.com/rokath/trice/internal/id/manage.go:103.18,105.3 1 5
github.com/rokath/trice/internal/id/manage.go:106.6,108.21 1 21
github.com/rokath/trice/internal/id/manage.go:114.3,114.9 1 21
github.com/rokath/trice/internal/id/manage.go:108.21,109.15 1 142
github.com/rokath/trice/internal/id/manage.go:109.15,111.17 2 30
github.com/rokath/trice/internal/id/manage.go:119.56,120.16 1 5
github.com/rokath/trice/internal/id/manage.go:123.2,123.8 1 5
github.com/rokath/trice/internal/id/manage.go:120.16,122.3 1 4
github.com/rokath/trice/internal/id/manage.go:127.51,131.2 3 1
github.com/rokath/trice/internal/id/manage.go:137.39,138.23 1 8
github.com/rokath/trice/internal/id/manage.go:138.23,139.40 1 55
github.com/rokath/trice/internal/id/manage.go:142.3,144.12 3 15
github.com/rokath/trice/internal/id/manage.go:139.40,140.12 1 40
github.com/rokath/trice/internal/id/manage.go:149.50,151.2 1 5
github.com/rokath/trice/internal/id/manage.go:154.55,161.15 7 1
github.com/rokath/trice/internal/id/manage.go:164.2,165.8 2 1
github.com/rokath/trice/internal/id/manage.go:161.15,163.3 1 1
github.com/rokath/trice/internal/id/manage.go:169.57,171.25 2 11
github.com/rokath/trice/internal/id/manage.go:175.2,175.8 1 11
github.com/rokath/trice/internal/id/manage.go:171.25,174.3 2 0
github.com/rokath/trice/internal/id/srcs.go:22.37,24.2 1 3
github.com/rokath/trice/internal/id/srcs.go:27.45,30.2 2 2
github.com/rokath/trice/internal/id/srcs.go:33.44,34.33 1 3
github.com/rokath/trice/internal/id/srcs.go:37.2,39.10 3 1
github.com/rokath/trice/internal/id/srcs.go:34.33,36.3 1 2
github.com/rokath/trice/pkg/src/src.go:9.29,11.19 2 2
github.com/rokath/trice/pkg/src/src.go:14.2,14.10 1 2
github.com/rokath/trice/pkg/src/src.go:11.19,13.3 1 8
github.com/rokath/trice/pkg/src/src.go:17.23,19.2 1 2
github.com/rokath/trice/pkg/src/src.go:21.52,24.2 2 2
github.com/rokath/trice/internal/args/init.go:31.13,55.2 23 1
github.com/rokath/trice/internal/args/init.go:57.13,124.2 30 1
github.com/rokath/trice/internal/args/init.go:126.13,129.2 2 1
github.com/rokath/trice/internal/args/init.go:131.13,134.2 2 1
github.com/rokath/trice/internal/args/init.go:136.13,148.2 9 1
github.com/rokath/trice/internal/args/init.go:150.13,154.2 3 1
github.com/rokath/trice/internal/args/init.go:156.13,160.2 3 1
github.com/rokath/trice/internal/args/init.go:162.13,167.2 4 1
github.com/rokath/trice/internal/args/init.go:169.13,171.2 1 1
github.com/rokath/trice/internal/args/init.go:173.13,176.2 2 1
github.com/rokath/trice/internal/args/init.go:178.45,183.2 4 3
github.com/rokath/trice/internal/args/init.go:185.35,196.2 1 4
github.com/rokath/trice/internal/args/init.go:198.32,206.2 2 3
github.com/rokath/trice/internal/args/init.go:208.34,212.2 1 4
github.com/rokath/trice/internal/args/init.go:214.37,219.2 2 6
github.com/rokath/trice/internal/args/init.go:221.34,227.2 2 4
github.com/rokath/trice/internal/args/init.go:229.37,237.2 2 3
github.com/rokath/trice/internal/args/handler.go:28.35,32.16 2 4
github.com/rokath/trice/internal/args/handler.go:38.2,41.22 2 4
github.com/rokath/trice/internal/args/handler.go:49.2,51.16 3 4
github.com/rokath/trice/internal/args/handler.go:32.16,34.17 2 1
github.com/rokath/trice/internal/args/handler.go:34.17,36.4 1 1
github.com/rokath/trice/internal/args/handler.go:41.22,44.3 2 0
github.com/rokath/trice/internal/args/handler.go:52.10,54.13 2 2
github.com/rokath/trice/internal/args/handler.go:55.19,58.18 3 0
github.com/rokath/trice/internal/args/handler.go:59.19,63.13 4 0
github.com/rokath/trice/internal/args/handler.go:64.24,67.21 3 2
github.com/rokath/trice/internal/args/handler.go:68.15,71.30 3 0
github.com/rokath/trice/internal/args/handler.go:72.22,75.32 3 0
github.com/rokath/trice/internal/args/handler.go:76.21,79.27 3 0
github.com/rokath/trice/internal/args/handler.go:80.27,83.37 3 0
github.com/rokath/trice/internal/args/handler.go:84.24,87.50 3 0
github.com/rokath/trice/internal/args/handler.go:88.29,91.35 3 0
github.com/rokath/trice/internal/args/handler.go:92.18,96.13 4 0
github.com/rokath/trice/internal/args/handler.go:106.16,108.27 2 0
github.com/rokath/trice/internal/args/handler.go:126.2,141.6 12 0
github.com/rokath/trice/internal/args/handler.go:108.27,111.44 1 0
github.com/rokath/trice/internal/args/handler.go:114.3,114.38 1 0
github.com/rokath/trice/internal/args/handler.go:118.3,118.27 1 0
github.com/rokath/trice/internal/args/handler.go:122.3,122.40 1 0
github.com/rokath/trice/internal/args/handler.go:111.44,113.4 1 0
github.com/rokath/trice/internal/args/handler.go:114.38,117.4 1 0
github.com/rokath/trice/internal/args/handler.go:118.27,121.4 1 0
github.com/rokath/trice/internal/args/handler.go:122.40,124.4 1 0
github.com/rokath/trice/internal/args/handler.go:141.6,143.15 2 0
github.com/rokath/trice/internal/args/handler.go:156.3,156.16 1 0
github.com/rokath/trice/internal/args/handler.go:157.3,157.30 1 0
github.com/rokath/trice/internal/args/handler.go:161.3,162.21 2 0
github.com/rokath/trice/internal/args/handler.go:143.15,144.15 1 0
github.com/rokath/trice/internal/args/handler.go:147.4,147.20 1 0
github.com/rokath/trice/internal/args/handler.go:151.4,154.12 4 0
github.com/rokath/trice/internal/args/handler.go:144.15,146.5 1 0
github.com/rokath/trice/internal/args/handler.go:147.20,150.5 2 0
github.com/rokath/trice/internal/args/handler.go:156.16,156.41 1 0
github.com/rokath/trice/internal/args/handler.go:157.30,159.4 1 0
github.com/rokath/trice/internal/args/handler.go:167.24,170.13 3 2
github.com/rokath/trice/internal/args/handler.go:173.2,173.19 1 2
github.com/rokath/trice/internal/args/handler.go:178.2,178.12 1 2
github.com/rokath/trice/internal/args/handler.go:170.13,172.3 1 0
github.com/rokath/trice/internal/args/handler.go:173.19,175.3 1 0
github.com/rokath/trice/internal/args/handler.go:175.8,177.3 1 2
github.com/rokath/trice/internal/args/handler.go:183.23,192.2 8 2
github.com/rokath/trice/internal/args/handler.go:195.27,196.45 1 2
github.com/rokath/trice/internal/args/handler.go:196.45,198.3 1 0
github.com/rokath/trice/internal/args/handler.go:198.8,199.24 1 2
github.com/rokath/trice/internal/args/handler.go:200.47,201.44 1 2
github.com/rokath/trice/internal/args/handler.go:202.17,203.46 1 0
github.com/rokath/trice/internal/args/helpinfo.go:16.21,17.13 1 0
github.com/rokath/trice/internal/args/helpinfo.go:21.2,38.22 6 0
github.com/rokath/trice/internal/args/helpinfo.go:44.2,44.9 1 0
github.com/rokath/trice/internal/args/helpinfo.go:47.2,47.12 1 0
github.com/rokath/trice/internal/args/helpinfo.go:17.13,20.3 2 0
github.com/rokath/trice/internal/args/helpinfo.go:38.22,39.13 1 0
github.com/rokath/trice/internal/args/helpinfo.go:39.13,42.4 2 0
github.com/rokath/trice/internal/args/helpinfo.go:44.9,46.3 1 0
github.com/rokath/trice/internal/args/helpinfo.go:50.32,59.2 5 0
github.com/rokath/trice/internal/args/helpinfo.go:61.23,70.2 7 0
github.com/rokath/trice/internal/args/helpinfo.go:72.22,80.2 7 0
github.com/rokath/trice/internal/args/helpinfo.go:82.26,98.2 5 0
github.com/rokath/trice/internal/args/helpinfo.go:100.24,106.2 5 0
github.com/rokath/trice/internal/args/helpinfo.go:108.23,114.2 5 0
github.com/rokath/trice/internal/args/helpinfo.go:116.27,122.2 5 0
github.com/rokath/trice/internal/args/helpinfo.go:124.25,132.2 5 0
github.com/rokath/trice/internal/args/helpinfo.go:134.26,140.2 4 0
github.com/rokath/trice/internal/args/helpinfo.go:142.26,150.2 5 0
github.com/rokath/trice/internal/decoder/decoder.go:94.45,96.2 1 140
github.com/rokath/trice/internal/decoder/decoder.go:98.38,103.6 4 0
github.com/rokath/trice/internal/decoder/decoder.go:103.6,104.10 1 0
github.com/rokath/trice/internal/decoder/decoder.go:105.22,106.15 1 0
github.com/rokath/trice/internal/decoder/decoder.go:109.4,110.14 2 0
github.com/rokath/trice/internal/decoder/decoder.go:111.19,111.19 0 0
github.com/rokath/trice/internal/decoder/decoder.go:106.15,108.5 1 0
github.com/rokath/trice/internal/decoder/decoder.go:120.104,122.18 2 0
github.com/rokath/trice/internal/decoder/decoder.go:132.2,133.31 2 0
github.com/rokath/trice/internal/decoder/decoder.go:123.20,124.45 1 0
github.com/rokath/trice/internal/decoder/decoder.go:125.22,126.46 1 0
github.com/rokath/trice/internal/decoder/decoder.go:127.33,128.49 1 0
github.com/rokath/trice/internal/decoder/decoder.go:129.10,130.58 1 0
github.com/rokath/trice/internal/decoder/decoder.go:136.71,139.6 2 0
github.com/rokath/trice/internal/decoder/decoder.go:139.6,141.20 2 0
github.com/rokath/trice/internal/decoder/decoder.go:151.3,151.17 1 0
github.com/rokath/trice/internal/decoder/decoder.go:157.3,160.21 4 0
github.com/rokath/trice/internal/decoder/decoder.go:163.3,163.65 1 0
github.com/rokath/trice/internal/decoder/decoder.go:141.20,142.15 1 0
github.com/rokath/trice/internal/decoder/decoder.go:145.4,145.15 1 0
github.com/rokath/trice/internal/decoder/decoder.go:148.4,149.12 2 0
github.com/rokath/trice/internal/decoder/decoder.go:142.15,144.5 1 0
github.com/rokath/trice/internal/decoder/decoder.go:145.15,147.5 1 0
github.com/rokath/trice/internal/decoder/decoder.go:151.17,152.15 1 0
github.com/rokath/trice/internal/decoder/decoder.go:155.4,155.10 1 0
github.com/rokath/trice/internal/decoder/decoder.go:152.15,154.5 1 0
github.com/rokath/trice/internal/decoder/decoder.go:160.21,162.4 1 0
github.com/rokath/trice/internal/decoder/decoder.go:168.48,169.30 1 78
github.com/rokath/trice/internal/decoder/decoder.go:172.2,172.35 1 78
github.com/rokath/trice/internal/decoder/decoder.go:169.30,171.3 1 0
github.com/rokath/trice/internal/decoder/decoder.go:176.48,177.30 1 36
github.com/rokath/trice/internal/decoder/decoder.go:180.2,180.35 1 34
github.com/rokath/trice/internal/decoder/decoder.go:177.30,179.3 1 2
github.com/rokath/trice/internal/decoder/decoder.go:184.60,187.30 3 0
github.com/rokath/trice/internal/decoder/decoder.go:192.2,193.8 2 0
github.com/rokath/trice/internal/decoder/decoder.go:187.30,189.3 1 0
github.com/rokath/trice/internal/decoder/decoder.go:189.8,191.3 1 0
github.com/rokath/trice/internal/decoder/decoder.go:197.48,198.30 1 4
github.com/rokath/trice/internal/decoder/decoder.go:201.2,201.35 1 4
github.com/rokath/trice/internal/decoder/decoder.go:198.30,200.3 1 0
github.com/rokath/trice/internal/decoder/decoder.go:205.34,206.19 1 279
github.com/rokath/trice/internal/decoder/decoder.go:215.2,216.21 2 279
github.com/rokath/trice/internal/decoder/decoder.go:206.19,207.23 1 0
github.com/rokath/trice/internal/decoder/decoder.go:211.3,211.33 1 0
github.com/rokath/trice/internal/decoder/decoder.go:207.23,210.4 2 0
github.com/rokath/trice/internal/decoder/decoder.go:211.33,213.4 1 0
github.com/rokath/trice/internal/decoder/decoder.go:220.62,222.13 2 0
github.com/rokath/trice/internal/decoder/decoder.go:225.2,228.8 4 0
github.com/rokath/trice/internal/decoder/decoder.go:222.13,224.3 1 0
github.com/rokath/trice/internal/decoder/decoder.go:233.47,237.6 4 16
github.com/rokath/trice/internal/decoder/decoder.go:237.6,239.17 2 42
github.com/rokath/trice/internal/decoder/decoder.go:242.3,246.18 5 26
github.com/rokath/trice/internal/decoder/decoder.go:254.3,254.17 1 26
github.com/rokath/trice/internal/decoder/decoder.go:239.17,241.4 1 16
github.com/rokath/trice/internal/decoder/decoder.go:246.18,249.4 2 13
github.com/rokath/trice/internal/decoder/decoder.go:249.9,249.40 1 13
github.com/rokath/trice/internal/decoder/decoder.go:249.40,251.4 1 0
github.com/rokath/trice/internal/decoder/decoder.go:251.9,253.4 1 13
github.com/rokath/trice/internal/decoder/escDecoder.go:25.94,33.2 7 1
github.com/rokath/trice/internal/decoder/escDecoder.go:40.49,42.27 2 305
github.com/rokath/trice/internal/decoder/escDecoder.go:45.2,45.26 1 305
github.com/rokath/trice/internal/decoder/escDecoder.go:51.2,55.33 4 305
github.com/rokath/trice/internal/decoder/escDecoder.go:63.2,64.14 2 305
github.com/rokath/trice/internal/decoder/escDecoder.go:67.2,68.23 2 167
github.com/rokath/trice/internal/decoder/escDecoder.go:71.2,72.24 2 167
github.com/rokath/trice/internal/decoder/escDecoder.go:75.2,80.9 6 167
github.com/rokath/trice/internal/decoder/escDecoder.go:83.2,85.35 3 167
github.com/rokath/trice/internal/decoder/escDecoder.go:88.2,88.26 1 167
github.com/rokath/trice/internal/decoder/escDecoder.go:92.2,92.24 1 167
github.com/rokath/trice/internal/decoder/escDecoder.go:42.27,44.3 1 0
github.com/rokath/trice/internal/decoder/escDecoder.go:45.26,48.3 2 0
github.com/rokath/trice/internal/decoder/escDecoder.go:55.33,58.3 2 0
github.com/rokath/trice/internal/decoder/escDecoder.go:64.14,66.3 1 138
github.com/rokath/trice/internal/decoder/escDecoder.go:68.23,70.3 1 0
github.com/rokath/trice/internal/decoder/escDecoder.go:72.24,74.3 1 0
github.com/rokath/trice/internal/decoder/escDecoder.go:80.9,82.3 1 0
github.com/rokath/trice/internal/decoder/escDecoder.go:85.35,87.3 1 0
github.com/rokath/trice/internal/decoder/escDecoder.go:88.26,90.3 1 0
github.com/rokath/trice/internal/decoder/escDecoder.go:95.39,96.30 1 167
github.com/rokath/trice/internal/decoder/escDecoder.go:99.2,99.16 1 25
github.com/rokath/trice/internal/decoder/escDecoder.go:102.2,102.11 1 0
github.com/rokath/trice/internal/decoder/escDecoder.go:96.30,98.3 1 142
github.com/rokath/trice/internal/decoder/escDecoder.go:99.16,101.3 1 25
github.com/rokath/trice/internal/decoder/escDecoder.go:107.39,108.30 1 167
github.com/rokath/trice/internal/decoder/escDecoder.go:109.16,110.11 1 24
github.com/rokath/trice/internal/decoder/escDecoder.go:111.18,112.11 1 5
github.com/rokath/trice/internal/decoder/escDecoder.go:113.31,114.11 1 24
github.com/rokath/trice/internal/decoder/escDecoder.go:115.56,116.11 1 37
github.com/rokath/trice/internal/decoder/escDecoder.go:117.106,118.11 1 39
github.com/rokath/trice/internal/decoder/escDecoder.go:119.45,120.12 1 7
github.com/rokath/trice/internal/decoder/escDecoder.go:121.17,122.14 1 31
github.com/rokath/trice/internal/decoder/escDecoder.go:123.10,124.12 1 0
github.com/rokath/trice/internal/decoder/escDecoder.go:155.46,156.31 1 167
github.com/rokath/trice/internal/decoder/escDecoder.go:159.2,161.27 2 136
github.com/rokath/trice/internal/decoder/escDecoder.go:166.2,166.75 1 0
github.com/rokath/trice/internal/decoder/escDecoder.go:156.31,158.3 1 31
github.com/rokath/trice/internal/decoder/escDecoder.go:161.27,162.42 1 1082
github.com/rokath/trice/internal/decoder/escDecoder.go:162.42,164.4 1 136
github.com/rokath/trice/internal/decoder/escDecoder.go:169.41,173.35 3 31
github.com/rokath/trice/internal/decoder/escDecoder.go:177.2,177.34 1 31
github.com/rokath/trice/internal/decoder/escDecoder.go:183.2,184.22 2 31
github.com/rokath/trice/internal/decoder/escDecoder.go:191.2,193.8 3 31
github.com/rokath/trice/internal/decoder/escDecoder.go:173.36,174.3 0 1369
github.com/rokath/trice/internal/decoder/escDecoder.go:177.34,180.3 2 0
github.com/rokath/trice/internal/decoder/escDecoder.go:184.22,185.16 1 274
github.com/rokath/trice/internal/decoder/escDecoder.go:185.16,188.4 2 0
github.com/rokath/trice/internal/decoder/escDecoder.go:196.41,199.2 2 24
github.com/rokath/trice/internal/decoder/escDecoder.go:201.42,206.2 4 5
github.com/rokath/trice/internal/decoder/escDecoder.go:208.42,214.2 5 6
github.com/rokath/trice/internal/decoder/escDecoder.go:216.42,221.13 5 4
github.com/rokath/trice/internal/decoder/escDecoder.go:224.2,226.8 3 4
github.com/rokath/trice/internal/decoder/escDecoder.go:221.13,223.3 1 0
github.com/rokath/trice/internal/decoder/escDecoder.go:229.42,237.2 7 7
github.com/rokath/trice/internal/decoder/escDecoder.go:239.42,248.35 9 4
github.com/rokath/trice/internal/decoder/escDecoder.go:251.2,253.8 3 4
github.com/rokath/trice/internal/decoder/escDecoder.go:248.35,250.3 1 0
github.com/rokath/trice/internal/decoder/escDecoder.go:256.42,265.24 9 4
github.com/rokath/trice/internal/decoder/escDecoder.go:268.2,270.8 3 4
github.com/rokath/trice/internal/decoder/escDecoder.go:265.24,267.3 1 0
github.com/rokath/trice/internal/decoder/escDecoder.go:273.42,282.13 9 4
github.com/rokath/trice/internal/decoder/escDecoder.go:285.2,287.8 3 4
github.com/rokath/trice/internal/decoder/escDecoder.go:282.13,284.3 1 0
github.com/rokath/trice/internal/decoder/escDecoder.go:290.42,302.2 11 18
github.com/rokath/trice/internal/decoder/escDecoder.go:304.43,309.2 4 18
github.com/rokath/trice/internal/decoder/escDecoder.go:311.43,317.2 5 20
github.com/rokath/trice/internal/decoder/escDecoder.go:319.43,324.13 5 1
github.com/rokath/trice/internal/decoder/escDecoder.go:327.2,329.8 3 1
github.com/rokath/trice/internal/decoder/escDecoder.go:324.13,326.3 1 0
github.com/rokath/trice/internal/decoder/escDecoder.go:332.43,340.2 7 4
github.com/rokath/trice/internal/decoder/escDecoder.go:342.43,347.2 4 6
github.com/rokath/trice/internal/decoder/escDecoder.go:349.43,355.2 5 2
github.com/rokath/trice/internal/decoder/escDecoder.go:357.43,362.13 5 2
github.com/rokath/trice/internal/decoder/escDecoder.go:365.2,367.8 3 2
github.com/rokath/trice/internal/decoder/escDecoder.go:362.13,364.3 1 0
github.com/rokath/trice/internal/decoder/escDecoder.go:370.43,378.2 7 4
github.com/rokath/trice/internal/decoder/escDecoder.go:380.43,385.2 4 2
github.com/rokath/trice/internal/decoder/escDecoder.go:387.43,393.2 5 1
github.com/rokath/trice/internal/decoder/flexDecoder.go:34.95,47.2 12 2
github.com/rokath/trice/internal/decoder/flexDecoder.go:55.50,57.55 2 4
github.com/rokath/trice/internal/decoder/flexDecoder.go:97.2,97.21 1 4
github.com/rokath/trice/internal/decoder/flexDecoder.go:100.2,101.24 2 2
github.com/rokath/trice/internal/decoder/flexDecoder.go:104.2,104.26 1 2
github.com/rokath/trice/internal/decoder/flexDecoder.go:107.2,107.54 1 2
github.com/rokath/trice/internal/decoder/flexDecoder.go:57.55,59.14 2 4
github.com/rokath/trice/internal/decoder/flexDecoder.go:69.3,69.28 1 4
github.com/rokath/trice/internal/decoder/flexDecoder.go:89.3,90.34 2 4
github.com/rokath/trice/internal/decoder/flexDecoder.go:59.14,63.20 4 0
github.com/rokath/trice/internal/decoder/flexDecoder.go:63.20,65.5 1 0
github.com/rokath/trice/internal/decoder/flexDecoder.go:66.9,68.4 1 4
github.com/rokath/trice/internal/decoder/flexDecoder.go:69.28,71.4 1 4
github.com/rokath/trice/internal/decoder/flexDecoder.go:71.9,77.16 2 0
github.com/rokath/trice/internal/decoder/flexDecoder.go:84.4,87.17 4 0
github.com/rokath/trice/internal/decoder/flexDecoder.go:77.16,79.5 1 0
github.com/rokath/trice/internal/decoder/flexDecoder.go:79.10,83.5 3 0
github.com/rokath/trice/internal/decoder/flexDecoder.go:90.34,92.4 1 0
github.com/rokath/trice/internal/decoder/flexDecoder.go:97.21,99.3 1 2
github.com/rokath/trice/internal/decoder/flexDecoder.go:101.24,103.3 1 0
github.com/rokath/trice/internal/decoder/flexDecoder.go:104.26,106.3 1 0
github.com/rokath/trice/internal/decoder/flexDecoder.go:110.63,115.2 4 2
github.com/rokath/trice/internal/decoder/flexDecoder.go:117.65,120.9 3 0
github.com/rokath/trice/internal/decoder/flexDecoder.go:123.2,125.22 3 0
github.com/rokath/trice/internal/decoder/flexDecoder.go:131.2,131.25 1 0
github.com/rokath/trice/internal/decoder/flexDecoder.go:120.9,122.3 1 0
github.com/rokath/trice/internal/decoder/flexDecoder.go:126.27,127.26 1 0
github.com/rokath/trice/internal/decoder/flexDecoder.go:128.31,129.26 1 0
github.com/rokath/trice/internal/decoder/flexDecoder.go:134.73,139.31 5 2
github.com/rokath/trice/internal/decoder/flexDecoder.go:146.2,146.18 1 2
github.com/rokath/trice/internal/decoder/flexDecoder.go:159.2,160.9 2 2
github.com/rokath/trice/internal/decoder/flexDecoder.go:163.2,164.28 2 2
github.com/rokath/trice/internal/decoder/flexDecoder.go:167.2,167.31 1 2
github.com/rokath/trice/internal/decoder/flexDecoder.go:170.2,170.44 1 2
github.com/rokath/trice/internal/decoder/flexDecoder.go:175.2,178.29 4 2
github.com/rokath/trice/internal/decoder/flexDecoder.go:139.31,140.24 1 1
github.com/rokath/trice/internal/decoder/flexDecoder.go:140.24,143.4 2 0
github.com/rokath/trice/internal/decoder/flexDecoder.go:146.18,147.22 1 0
github.com/rokath/trice/internal/decoder/flexDecoder.go:150.3,153.32 4 0
github.com/rokath/trice/internal/decoder/flexDecoder.go:156.3,156.23 1 0
github.com/rokath/trice/internal/decoder/flexDecoder.go:147.22,149.4 1 0
github.com/rokath/trice/internal/decoder/flexDecoder.go:153.32,155.4 1 0
github.com/rokath/trice/internal/decoder/flexDecoder.go:160.9,162.3 1 0
github.com/rokath/trice/internal/decoder/flexDecoder.go:164.28,166.3 1 0
github.com/rokath/trice/internal/decoder/flexDecoder.go:167.31,169.3 1 0
github.com/rokath/trice/internal/decoder/flexDecoder.go:170.44,172.3 1 0
github.com/rokath/trice/internal/decoder/flexDecoder.go:183.64,186.13 3 2
github.com/rokath/trice/internal/decoder/flexDecoder.go:189.2,190.12 2 2
github.com/rokath/trice/internal/decoder/flexDecoder.go:238.2,238.16 1 0
github.com/rokath/trice/internal/decoder/flexDecoder.go:241.2,241.14 1 0
github.com/rokath/trice/internal/decoder/flexDecoder.go:186.13,188.3 1 0
github.com/rokath/trice/internal/decoder/flexDecoder.go:191.16,192.14 1 2
github.com/rokath/trice/internal/decoder/flexDecoder.go:193.32,195.14 2 0
github.com/rokath/trice/internal/decoder/flexDecoder.go:196.19,198.14 2 0
github.com/rokath/trice/internal/decoder/flexDecoder.go:199.57,201.14 2 0
github.com/rokath/trice/internal/decoder/flexDecoder.go:202.44,204.14 2 0
github.com/rokath/trice/internal/decoder/flexDecoder.go:205.17,207.12 2 0
github.com/rokath/trice/internal/decoder/flexDecoder.go:217.10,219.13 2 0
github.com/rokath/trice/internal/decoder/flexDecoder.go:208.10,209.15 1 0
github.com/rokath/trice/internal/decoder/flexDecoder.go:210.10,211.22 1 0
github.com/rokath/trice/internal/decoder/flexDecoder.go:212.10,213.41 1 0
github.com/rokath/trice/internal/decoder/flexDecoder.go:214.10,215.60 1 0
github.com/rokath/trice/internal/decoder/flexDecoder.go:220.19,221.24 1 0
github.com/rokath/trice/internal/decoder/flexDecoder.go:222.32,223.25 1 0
github.com/rokath/trice/internal/decoder/flexDecoder.go:224.19,225.25 1 0
github.com/rokath/trice/internal/decoder/flexDecoder.go:226.11,228.14 2 0
github.com/rokath/trice/internal/decoder/flexDecoder.go:229.20,230.25 1 0
github.com/rokath/trice/internal/decoder/flexDecoder.go:231.33,232.26 1 0
github.com/rokath/trice/internal/decoder/flexDecoder.go:233.20,234.26 1 0
github.com/rokath/trice/internal/decoder/flexDecoder.go:238.16,240.3 1 0
github.com/rokath/trice/internal/decoder/flexDecoder.go:245.46,247.13 2 2
github.com/rokath/trice/internal/decoder/flexDecoder.go:250.2,252.40 3 2
github.com/rokath/trice/internal/decoder/flexDecoder.go:255.2,255.13 1 2
github.com/rokath/trice/internal/decoder/flexDecoder.go:247.13,249.3 1 0
github.com/rokath/trice/internal/decoder/flexDecoder.go:252.40,254.3 1 0
github.com/rokath/trice/internal/decoder/flexDecoder.go:259.43,263.2 3 2
github.com/rokath/trice/internal/decoder/flexDecoder.go:267.40,269.11 2 2
github.com/rokath/trice/internal/decoder/flexDecoder.go:270.16,271.11 1 2
github.com/rokath/trice/internal/decoder/flexDecoder.go:272.18,273.11 1 0
github.com/rokath/trice/internal/decoder/flexDecoder.go:274.31,275.11 1 0
github.com/rokath/trice/internal/decoder/flexDecoder.go:276.18,277.11 1 0
github.com/rokath/trice/internal/decoder/flexDecoder.go:278.44,279.11 1 0
github.com/rokath/trice/internal/decoder/flexDecoder.go:280.18,281.11 1 0
github.com/rokath/trice/internal/decoder/flexDecoder.go:282.31,283.11 1 0
github.com/rokath/trice/internal/decoder/flexDecoder.go:284.30,285.11 1 0
github.com/rokath/trice/internal/decoder/flexDecoder.go:286.57,287.11 1 0
github.com/rokath/trice/internal/decoder/flexDecoder.go:288.19,289.12 1 0
github.com/rokath/trice/internal/decoder/flexDecoder.go:290.32,291.12 1 0
github.com/rokath/trice/internal/decoder/flexDecoder.go:292.17,293.18 1 0
github.com/rokath/trice/internal/decoder/flexDecoder.go:294.10,295.12 1 0
github.com/rokath/trice/internal/decoder/flexDecoder.go:333.54,337.28 3 2
github.com/rokath/trice/internal/decoder/flexDecoder.go:342.2,342.39 1 0
github.com/rokath/trice/internal/decoder/flexDecoder.go:345.2,345.75 1 0
github.com/rokath/trice/internal/decoder/flexDecoder.go:337.28,338.24 1 2
github.com/rokath/trice/internal/decoder/flexDecoder.go:338.24,340.4 1 2
github.com/rokath/trice/internal/decoder/flexDecoder.go:342.39,344.3 1 0
github.com/rokath/trice/internal/decoder/flexDecoder.go:348.47,350.2 1 0
github.com/rokath/trice/internal/decoder/flexDecoder.go:352.49,354.13 2 0
github.com/rokath/trice/internal/decoder/flexDecoder.go:357.2,359.8 3 0
github.com/rokath/trice/internal/decoder/flexDecoder.go:354.13,356.3 1 0
github.com/rokath/trice/internal/decoder/flexDecoder.go:362.42,366.2 3 2
github.com/rokath/trice/internal/decoder/flexDecoder.go:368.44,374.2 5 10
github.com/rokath/trice/internal/decoder/flexDecoder.go:376.44,380.2 3 0
github.com/rokath/trice/internal/decoder/flexDecoder.go:382.43,386.2 3 10
github.com/rokath/trice/internal/decoder/flexDecoder.go:388.44,394.2 5 4
github.com/rokath/trice/internal/decoder/flexDecoder.go:396.44,400.2 3 0
github.com/rokath/trice/internal/decoder/flexDecoder.go:402.43,406.2 3 4
github.com/rokath/trice/internal/decoder/flexDecoder.go:408.43,415.2 6 0
github.com/rokath/trice/internal/decoder/flexDecoder.go:417.39,419.2 1 16
github.com/rokath/trice/internal/decoder/flexDecoder.go:421.40,424.2 2 6
github.com/rokath/trice/internal/decoder/flexDecoder.go:426.40,429.2 2 2
github.com/rokath/trice/internal/decoder/flexDecoder.go:431.40,434.2 2 2
github.com/rokath/trice/internal/decoder/flexDecoder.go:436.45,439.2 2 0
github.com/rokath/trice/internal/decoder/flexDecoder.go:441.45,444.2 2 0
github.com/rokath/trice/internal/decoder/flexDecoder.go:446.45,449.2 2 0
github.com/rokath/trice/internal/decoder/flexDecoder.go:451.45,454.2 2 0
github.com/rokath/trice/internal/decoder/flexDecoder.go:456.43,463.2 6 2
github.com/rokath/trice/internal/decoder/flexDecoder.go:465.43,472.2 6 0
github.com/rokath/trice/internal/decoder/flexDecoder.go:474.43,481.2 6 0
github.com/rokath/trice/internal/decoder/flexDecoder.go:483.43,490.2 6 0
github.com/rokath/trice/internal/decoder/flexDecoder.go:492.43,499.2 6 0
github.com/rokath/trice/internal/decoder/flexDecoder.go:501.40,503.2 1 0
github.com/rokath/trice/internal/decoder/flexDecoder.go:505.40,508.2 2 0
github.com/rokath/trice/internal/decoder/flexDecoder.go:510.45,516.2 5 0
github.com/rokath/trice/internal/decoder/flexDecoder.go:518.45,522.2 3 0
github.com/rokath/trice/internal/decoder/flexDecoder.go:524.44,528.2 3 0
github.com/rokath/trice/internal/decoder/flexDecoder.go:530.44,538.2 7 0
github.com/rokath/trice/internal/decoder/flexDecoder.go:540.44,549.2 8 0
github.com/rokath/trice/internal/decoder/flexDecoder.go:551.44,561.2 9 0
github.com/rokath/trice/internal/decoder/flexDecoder.go:563.44,570.2 6 0
github.com/rokath/trice/internal/decoder/flexDecoder.go:572.44,580.2 7 0
github.com/rokath/trice/internal/decoder/flexDecoder.go:582.44,591.2 8 0
github.com/rokath/trice/internal/decoder/flexDecoder.go:593.44,603.2 9 0
github.com/rokath/trice/internal/decoder/flexDecoder.go:605.44,612.2 6 0
github.com/rokath/trice/internal/decoder/flexDecoder.go:614.44,622.2 7 0
github.com/rokath/trice/internal/decoder/flexDecoder.go:624.45,628.2 3 0
github.com/rokath/trice/internal/decoder/flexDecoder.go:632.75,634.2 1 16
github.com/rokath/trice/internal/decoder/flexDecoder.go:638.76,640.2 1 0
github.com/rokath/trice/internal/decoder/flexDecoder.go:644.76,646.2 1 0
github.com/rokath/trice/internal/decoder/flexDecoder.go:650.76,652.2 1 0
github.com/rokath/trice/internal/decoder/flexDecoder.go:656.88,659.22 3 16
github.com/rokath/trice/internal/decoder/flexDecoder.go:663.2,663.19 1 16
github.com/rokath/trice/internal/decoder/flexDecoder.go:688.2,688.8 1 16
github.com/rokath/trice/internal/decoder/flexDecoder.go:659.22,662.3 2 0
github.com/rokath/trice/internal/decoder/flexDecoder.go:663.19,664.11 1 26
github.com/rokath/trice/internal/decoder/flexDecoder.go:664.11,665.20 1 13
github.com/rokath/trice/internal/decoder/flexDecoder.go:666.11,667.23 1 13
github.com/rokath/trice/internal/decoder/flexDecoder.go:668.12,669.24 1 0
github.com/rokath/trice/internal/decoder/flexDecoder.go:670.12,671.24 1 0
github.com/rokath/trice/internal/decoder/flexDecoder.go:672.12,673.24 1 0
github.com/rokath/trice/internal/decoder/flexDecoder.go:675.9,676.20 1 13
github.com/rokath/trice/internal/decoder/flexDecoder.go:677.11,678.22 1 13
github.com/rokath/trice/internal/decoder/flexDecoder.go:679.12,680.23 1 0
github.com/rokath/trice/internal/decoder/flexDecoder.go:681.12,682.23 1 0
github.com/rokath/trice/internal/decoder/flexDecoder.go:683.12,684.23 1 0
github.com/rokath/trice/internal/decoder/flexDecoder.go:693.32,696.15 3 18
github.com/rokath/trice/internal/decoder/flexDecoder.go:699.2,699.19 1 18
github.com/rokath/trice/internal/decoder/flexDecoder.go:702.2,703.19 2 18
github.com/rokath/trice/internal/decoder/flexDecoder.go:696.15,698.3 1 0
github.com/rokath/trice/internal/decoder/flexDecoder.go:699.19,701.3 1 0
github.com/rokath/trice/internal/decoder/flexDecoder.go:707.46,710.15 3 0
github.com/rokath/trice/internal/decoder/flexDecoder.go:713.2,713.22 1 0
github.com/rokath/trice/internal/decoder/flexDecoder.go:717.2,717.32 1 0
github.com/rokath/trice/internal/decoder/flexDecoder.go:720.2,721.15 2 0
github.com/rokath/trice/internal/decoder/flexDecoder.go:731.2,731.40 1 0
github.com/rokath/trice/internal/decoder/flexDecoder.go:710.15,712.3 1 0
github.com/rokath/trice/internal/decoder/flexDecoder.go:713.22,716.3 2 0
github.com/rokath/trice/internal/decoder/flexDecoder.go:717.32,719.3 1 0
github.com/rokath/trice/internal/decoder/flexDecoder.go:721.15,726.33 5 0
github.com/rokath/trice/internal/decoder/flexDecoder.go:729.3,729.16 1 0
github.com/rokath/trice/internal/decoder/flexDecoder.go:726.33,728.4 1 0
github.com/rokath/trice/internal/decoder/flexDecoder.go:731.40,733.3 1 0
github.com/rokath/trice/internal/receiver/receiver.go:34.68,35.14 1 1
github.com/rokath/trice/internal/receiver/receiver.go:57.2,57.8 1 1
github.com/rokath/trice/internal/receiver/receiver.go:36.46,38.22 2 0
github.com/rokath/trice/internal/receiver/receiver.go:41.3,41.8 1 0
github.com/rokath/trice/internal/receiver/receiver.go:42.16,43.52 1 1
github.com/rokath/trice/internal/receiver/receiver.go:44.10,46.21 2 0
github.com/rokath/trice/internal/receiver/receiver.go:51.3,51.16 1 0
github.com/rokath/trice/internal/receiver/receiver.go:54.3,55.9 2 0
github.com/rokath/trice/internal/receiver/receiver.go:38.22,40.4 1 0
github.com/rokath/trice/internal/receiver/receiver.go:46.21,48.4 1 0
github.com/rokath/trice/internal/receiver/receiver.go:48.9,50.4 1 0
github.com/rokath/trice/internal/receiver/receiver.go:51.16,53.4 1 0
github.com/rokath/trice/internal/receiver/receiver.go:71.60,73.2 1 0
github.com/rokath/trice/internal/receiver/receiver.go:75.63,77.48 2 0
github.com/rokath/trice/internal/receiver/receiver.go:80.2,80.8 1 0
github.com/rokath/trice/internal/receiver/receiver.go:77.48,79.3 1 0
github.com/rokath/trice/internal/receiver/receiver.go:84.37,84.51 1 0
github.com/rokath/trice/cmd/trice/main.go:27.13,36.16 6 0
github.com/rokath/trice/cmd/trice/main.go:40.2,40.12 1 0
github.com/rokath/trice/cmd/trice/main.go:36.16,39.3 2 0
github.com/rokath/trice/internal/com/com.go:39.57,49.13 2 2
github.com/rokath/trice/internal/com/com.go:52.2,52.10 1 2
github.com/rokath/trice/internal/com/com.go:49.13,51.3 1 0
github.com/rokath/trice/internal/com/com.go:59.53,61.2 1 0
github.com/rokath/trice/internal/com/com.go:64.37,65.13 1 2
github.com/rokath/trice/internal/com/com.go:68.2,68.31 1 2
github.com/rokath/trice/internal/com/com.go:65.13,67.3 1 0
github.com/rokath/trice/internal/com/com.go:74.35,77.16 3 2
github.com/rokath/trice/internal/com/com.go:83.2,83.13 1 2
github.com/rokath/trice/internal/com/com.go:77.16,78.14 1 0
github.com/rokath/trice/internal/com/com.go:81.3,81.15 1 0
github.com/rokath/trice/internal/com/com.go:78.14,80.4 1 0
github.com/rokath/trice/internal/com/com.go:87.41,90.16 2 1
github.com/rokath/trice/internal/com/com.go:94.2,94.21 1 1
github.com/rokath/trice/internal/com/com.go:98.2,98.29 1 1
github.com/rokath/trice/internal/com/com.go:101.2,101.19 1 1
github.com/rokath/trice/internal/com/com.go:90.16,93.3 2 0
github.com/rokath/trice/internal/com/com.go:94.21,97.3 2 0
github.com/rokath/trice/internal/com/com.go:98.29,100.3 1 2
github.com/rokath/trice/internal/com/com.go:111.51,117.13 6 0
github.com/rokath/trice/internal/com/com.go:120.2,120.10 1 0
github.com/rokath/trice/internal/com/com.go:117.13,119.3 1 0
github.com/rokath/trice/internal/com/com.go:124.32,127.16 3 0
github.com/rokath/trice/internal/com/com.go:134.2,134.13 1 0
github.com/rokath/trice/internal/com/com.go:127.16,128.14 1 0
github.com/rokath/trice/internal/com/com.go:132.3,132.15 1 0
github.com/rokath/trice/internal/com/com.go:128.14,131.4 2 0
github.com/rokath/trice/internal/com/com.go:138.34,139.13 1 0
github.com/rokath/trice/internal/com/com.go:142.2,142.25 1 0
github.com/rokath/trice/internal/com/com.go:139.13,141.3 1 0
github.com/rokath/trice/internal/com/com.go:149.50,151.2 1 0
github.com/rokath/trice/internal/emitter/emitter.go:65.24,71.31 1 1
github.com/rokath/trice/internal/emitter/emitter.go:74.2,74.16 1 0
github.com/rokath/trice/internal/emitter/emitter.go:71.31,73.3 1 1
github.com/rokath/trice/internal/emitter/emitter.go:78.39,79.27 1 0
github.com/rokath/trice/internal/emitter/emitter.go:92.2,92.8 1 0
github.com/rokath/trice/internal/emitter/emitter.go:79.27,81.24 2 0
github.com/rokath/trice/internal/emitter/emitter.go:86.3,87.10 2 0
github.com/rokath/trice/internal/emitter/emitter.go:81.24,83.4 1 0
github.com/rokath/trice/internal/emitter/emitter.go:83.9,85.4 1 0
github.com/rokath/trice/internal/emitter/emitter.go:89.8,91.3 1 0
github.com/rokath/trice/internal/emitter/emitter.go:96.31,97.20 1 0
github.com/rokath/trice/internal/emitter/emitter.go:101.2,101.20 1 0
github.com/rokath/trice/internal/emitter/emitter.go:106.2,106.41 1 0
github.com/rokath/trice/internal/emitter/emitter.go:97.20,100.3 2 0
github.com/rokath/trice/internal/emitter/emitter.go:101.20,103.3 1 0
github.com/rokath/trice/internal/emitter/emitter.go:111.18,113.16 2 0
github.com/rokath/trice/internal/emitter/emitter.go:114.17,115.22 1 0
github.com/rokath/trice/internal/emitter/emitter.go:116.18,117.23 1 0
github.com/rokath/trice/internal/emitter/emitter.go:118.19,119.24 1 0
github.com/rokath/trice/internal/emitter/emitter.go:120.20,121.25 1 0
github.com/rokath/trice/internal/emitter/emitter.go:122.21,123.26 1 0
github.com/rokath/trice/internal/emitter/emitter.go:124.22,125.27 1 0
github.com/rokath/trice/internal/emitter/emitter.go:126.23,127.28 1 0
github.com/rokath/trice/internal/emitter/emitter.go:128.24,129.29 1 0
github.com/rokath/trice/internal/emitter/emitter.go:130.25,131.30 1 0
github.com/rokath/trice/internal/emitter/emitter.go:132.26,133.31 1 0
github.com/rokath/trice/internal/emitter/emitter.go:134.27,135.32 1 0
github.com/rokath/trice/internal/emitter/emitter.go:136.28,137.33 1 0
github.com/rokath/trice/internal/emitter/emitter.go:138.29,139.34 1 0
github.com/rokath/trice/internal/emitter/emitter.go:140.21,141.14 1 0
github.com/rokath/trice/internal/emitter/lineComposer.go:27.56,30.2 2 2
github.com/rokath/trice/internal/emitter/lineComposer.go:33.48,35.27 2 6
github.com/rokath/trice/internal/emitter/lineComposer.go:47.2,47.10 1 6
github.com/rokath/trice/internal/emitter/lineComposer.go:36.18,37.48 1 0
github.com/rokath/trice/internal/emitter/lineComposer.go:38.18,39.63 1 0
github.com/rokath/trice/internal/emitter/lineComposer.go:40.21,41.9 1 5
github.com/rokath/trice/internal/emitter/lineComposer.go:42.14,43.28 1 1
github.com/rokath/trice/internal/emitter/lineComposer.go:44.10,45.30 1 0
github.com/rokath/trice/internal/emitter/lineComposer.go:51.64,53.28 2 0
github.com/rokath/trice/internal/emitter/lineComposer.go:56.2,56.25 1 0
github.com/rokath/trice/internal/emitter/lineComposer.go:53.28,55.3 1 0
github.com/rokath/trice/internal/emitter/lineComposer.go:67.70,69.12 2 6
github.com/rokath/trice/internal/emitter/lineComposer.go:72.2,95.24 8 6
github.com/rokath/trice/internal/emitter/lineComposer.go:114.2,114.15 1 6
github.com/rokath/trice/internal/emitter/lineComposer.go:117.2,117.8 1 6
github.com/rokath/trice/internal/emitter/lineComposer.go:69.12,71.3 1 0
github.com/rokath/trice/internal/emitter/lineComposer.go:95.24,96.43 1 16
github.com/rokath/trice/internal/emitter/lineComposer.go:96.43,100.4 3 9
github.com/rokath/trice/internal/emitter/lineComposer.go:100.9,100.51 1 7
github.com/rokath/trice/internal/emitter/lineComposer.go:100.51,102.20 2 6
github.com/rokath/trice/internal/emitter/lineComposer.go:102.20,105.5 1 5
github.com/rokath/trice/internal/emitter/lineComposer.go:106.9,106.49 1 1
github.com/rokath/trice/internal/emitter/lineComposer.go:106.49,110.4 3 1
github.com/rokath/trice/internal/emitter/lineComposer.go:110.9,110.50 1 0
github.com/rokath/trice/internal/emitter/lineComposer.go:110.50,112.4 1 0
github.com/rokath/trice/internal/emitter/lineComposer.go:114.15,116.3 1 5
github.com/rokath/trice/internal/emitter/lineComposer.go:120.44,124.2 3 10
github.com/rokath/trice/internal/emitter/lineTransformerANSI.go:26.86,29.2 2 8
github.com/rokath/trice/internal/emitter/lineTransformerANSI.go:47.29,48.22 1 8
github.com/rokath/trice/internal/emitter/lineTransformerANSI.go:53.2,53.13 1 4
github.com/rokath/trice/internal/emitter/lineTransformerANSI.go:48.22,49.49 1 16
github.com/rokath/trice/internal/emitter/lineTransformerANSI.go:49.49,51.4 1 4
github.com/rokath/trice/internal/emitter/lineTransformerANSI.go:77.32,78.28 1 9
github.com/rokath/trice/internal/emitter/lineTransformerANSI.go:85.2,85.14 1 1
github.com/rokath/trice/internal/emitter/lineTransformerANSI.go:78.28,79.31 1 46
github.com/rokath/trice/internal/emitter/lineTransformerANSI.go:79.31,80.15 1 242
github.com/rokath/trice/internal/emitter/lineTransformerANSI.go:80.15,82.5 1 8
github.com/rokath/trice/internal/emitter/lineTransformerANSI.go:93.61,95.29 2 17
github.com/rokath/trice/internal/emitter/lineTransformerANSI.go:98.2,99.17 2 13
github.com/rokath/trice/internal/emitter/lineTransformerANSI.go:102.2,102.40 1 9
github.com/rokath/trice/internal/emitter/lineTransformerANSI.go:105.2,105.30 1 9
github.com/rokath/trice/internal/emitter/lineTransformerANSI.go:108.2,108.28 1 2
github.com/rokath/trice/internal/emitter/lineTransformerANSI.go:115.2,115.8 1 0
github.com/rokath/trice/internal/emitter/lineTransformerANSI.go:95.29,97.3 1 4
github.com/rokath/trice/internal/emitter/lineTransformerANSI.go:99.17,101.3 1 4
github.com/rokath/trice/internal/emitter/lineTransformerANSI.go:102.40,104.3 1 4
github.com/rokath/trice/internal/emitter/lineTransformerANSI.go:105.30,107.3 1 7
github.com/rokath/trice/internal/emitter/lineTransformerANSI.go:108.28,109.31 1 6
github.com/rokath/trice/internal/emitter/lineTransformerANSI.go:109.31,110.18 1 32
github.com/rokath/trice/internal/emitter/lineTransformerANSI.go:110.18,112.5 1 2
github.com/rokath/trice/internal/emitter/lineTransformerANSI.go:121.56,124.25 3 4
github.com/rokath/trice/internal/emitter/lineTransformerANSI.go:131.2,131.89 1 4
github.com/rokath/trice/internal/emitter/lineTransformerANSI.go:134.2,134.19 1 4
github.com/rokath/trice/internal/emitter/lineTransformerANSI.go:124.25,127.14 3 12
github.com/rokath/trice/internal/emitter/lineTransformerANSI.go:127.14,129.4 1 2
github.com/rokath/trice/internal/emitter/lineTransformerANSI.go:131.89,133.3 1 0
github.com/rokath/trice/internal/emitter/localDisplay.go:22.38,28.2 2 2
github.com/rokath/trice/internal/emitter/localDisplay.go:31.37,32.18 1 4
github.com/rokath/trice/internal/emitter/localDisplay.go:35.2,36.45 2 0
github.com/rokath/trice/internal/emitter/localDisplay.go:32.18,34.3 1 4
github.com/rokath/trice/internal/emitter/localDisplay.go:40.49,44.2 3 4
github.com/rokath/trice/internal/emitter/localDisplay.go:56.57,67.2 4 1
github.com/rokath/trice/internal/emitter/localDisplay.go:70.49,74.2 1 2
github.com/rokath/trice/internal/emitter/remoteDisplay.go:37.54,47.19 3 1
github.com/rokath/trice/internal/emitter/remoteDisplay.go:50.2,50.19 1 1
github.com/rokath/trice/internal/emitter/remoteDisplay.go:53.2,53.19 1 1
github.com/rokath/trice/internal/emitter/remoteDisplay.go:56.2,56.19 1 1
github.com/rokath/trice/internal/emitter/remoteDisplay.go:59.2,59.17 1 1
github.com/rokath/trice/internal/emitter/remoteDisplay.go:62.2,63.10 2 1
github.com/rokath/trice/internal/emitter/remoteDisplay.go:47.19,49.3 1 1
github.com/rokath/trice/internal/emitter/remoteDisplay.go:50.19,52.3 1 1
github.com/rokath/trice/internal/emitter/remoteDisplay.go:53.19,55.3 1 1
github.com/rokath/trice/internal/emitter/remoteDisplay.go:56.19,58.3 1 1
github.com/rokath/trice/internal/emitter/remoteDisplay.go:59.17,61.3 1 1
github.com/rokath/trice/internal/emitter/remoteDisplay.go:67.38,68.18 1 3
github.com/rokath/trice/internal/emitter/remoteDisplay.go:71.2,72.45 2 0
github.com/rokath/trice/internal/emitter/remoteDisplay.go:68.18,70.3 1 3
github.com/rokath/trice/internal/emitter/remoteDisplay.go:76.50,79.2 2 2
github.com/rokath/trice/internal/emitter/remoteDisplay.go:82.39,86.12 4 1
github.com/rokath/trice/internal/emitter/remoteDisplay.go:90.2,90.37 1 1
github.com/rokath/trice/internal/emitter/remoteDisplay.go:86.12,89.3 2 1
github.com/rokath/trice/internal/emitter/remoteDisplay.go:96.35,98.21 2 1
github.com/rokath/trice/internal/emitter/remoteDisplay.go:104.2,104.13 1 1
github.com/rokath/trice/internal/emitter/remoteDisplay.go:107.2,109.13 3 1
github.com/rokath/trice/internal/emitter/remoteDisplay.go:98.21,99.14 1 0
github.com/rokath/trice/internal/emitter/remoteDisplay.go:102.3,102.9 1 0
github.com/rokath/trice/internal/emitter/remoteDisplay.go:99.14,101.4 1 0
github.com/rokath/trice/internal/emitter/remoteDisplay.go:104.13,106.3 1 0
github.com/rokath/trice/internal/emitter/remoteDisplay.go:109.13,111.3 1 0
github.com/rokath/trice/internal/emitter/remoteDisplay.go:121.75,124.21 3 0
github.com/rokath/trice/internal/emitter/remoteDisplay.go:127.2,128.14 2 0
github.com/rokath/trice/internal/emitter/remoteDisplay.go:124.21,126.3 1 0
github.com/rokath/trice/internal/emitter/remoteDisplay.go:133.46,134.13 1 1
github.com/rokath/trice/internal/emitter/remoteDisplay.go:137.2,137.60 1 1
github.com/rokath/trice/internal/emitter/remoteDisplay.go:134.13,136.3 1 0
github.com/rokath/trice/internal/emitter/server.go:32.63,36.2 3 0
github.com/rokath/trice/internal/emitter/server.go:40.63,44.2 3 0
github.com/rokath/trice/internal/emitter/server.go:47.57,52.2 4 0
github.com/rokath/trice/internal/emitter/server.go:55.55,59.20 4 0
github.com/rokath/trice/internal/emitter/server.go:64.2,66.15 3 0
github.com/rokath/trice/internal/emitter/server.go:70.2,70.12 1 0
github.com/rokath/trice/internal/emitter/server.go:59.20,61.3 1 0
github.com/rokath/trice/internal/emitter/server.go:61.8,63.3 1 0
github.com/rokath/trice/internal/emitter/server.go:66.15,69.3 2 0
github.com/rokath/trice/internal/emitter/server.go:86.30,97.16 10 0
github.com/rokath/trice/internal/emitter/server.go:101.2,101.6 1 0
github.com/rokath/trice/internal/emitter/server.go:97.16,100.3 2 0
github.com/rokath/trice/internal/emitter/server.go:101.6,103.17 2 0
github.com/rokath/trice/internal/emitter/server.go:109.3,109.25 1 0
github.com/rokath/trice/internal/emitter/server.go:103.17,104.20 1 0
github.com/rokath/trice/internal/emitter/server.go:107.4,107.12 1 0
github.com/rokath/trice/internal/emitter/server.go:104.20,106.5 1 0
